{"/Users/910219/LiveCode 3 Phase 2 Repeat/LiveCode3_Repeat/server/app.js": {"path":"/Users/910219/LiveCode 3 Phase 2 Repeat/LiveCode3_Repeat/server/app.js","statementMap":{"0":{"start":{"line":1,"column":0},"end":{"line":3,"column":1}},"1":{"start":{"line":2,"column":2},"end":{"line":2,"column":29}},"2":{"start":{"line":5,"column":16},"end":{"line":5,"column":34}},"3":{"start":{"line":6,"column":15},"end":{"line":6,"column":34}},"4":{"start":{"line":7,"column":12},"end":{"line":7,"column":21}},"5":{"start":{"line":8,"column":20},"end":{"line":8,"column":56}},"6":{"start":{"line":9,"column":13},"end":{"line":9,"column":28}},"7":{"start":{"line":11,"column":0},"end":{"line":11,"column":16}},"8":{"start":{"line":12,"column":0},"end":{"line":12,"column":49}},"9":{"start":{"line":13,"column":0},"end":{"line":13,"column":24}},"10":{"start":{"line":14,"column":0},"end":{"line":14,"column":16}},"11":{"start":{"line":15,"column":0},"end":{"line":15,"column":21}},"12":{"start":{"line":16,"column":0},"end":{"line":16,"column":21}}},"fnMap":{},"branchMap":{"0":{"loc":{"start":{"line":1,"column":0},"end":{"line":3,"column":1}},"type":"if","locations":[{"start":{"line":1,"column":0},"end":{"line":3,"column":1}},{"start":{},"end":{}}],"line":1}},"s":{"0":2,"1":2,"2":2,"3":2,"4":2,"5":2,"6":2,"7":2,"8":2,"9":2,"10":2,"11":2,"12":2},"f":{},"b":{"0":[2,0]},"_coverageSchema":"1a1c01bbd47fc00a2c39e90264f33305004495a9","hash":"55adc3f31d0022d9ba53b3e5b0541d4597f7502c"}
,"/Users/910219/LiveCode 3 Phase 2 Repeat/LiveCode3_Repeat/server/controllers/FavoriteController.js": {"path":"/Users/910219/LiveCode 3 Phase 2 Repeat/LiveCode3_Repeat/server/controllers/FavoriteController.js","statementMap":{"0":{"start":{"line":1,"column":28},"end":{"line":1,"column":48}},"1":{"start":{"line":5,"column":4},"end":{"line":28,"column":5}},"2":{"start":{"line":6,"column":25},"end":{"line":6,"column":35}},"3":{"start":{"line":8,"column":23},"end":{"line":8,"column":50}},"4":{"start":{"line":10,"column":6},"end":{"line":16,"column":15}},"5":{"start":{"line":15,"column":12},"end":{"line":15,"column":42}},"6":{"start":{"line":18,"column":21},"end":{"line":18,"column":32}},"7":{"start":{"line":20,"column":24},"end":{"line":23,"column":8}},"8":{"start":{"line":25,"column":6},"end":{"line":25,"column":38}},"9":{"start":{"line":27,"column":6},"end":{"line":27,"column":18}},"10":{"start":{"line":32,"column":4},"end":{"line":52,"column":5}},"11":{"start":{"line":34,"column":21},"end":{"line":34,"column":32}},"12":{"start":{"line":36,"column":28},"end":{"line":48,"column":8}},"13":{"start":{"line":49,"column":6},"end":{"line":49,"column":30}},"14":{"start":{"line":51,"column":6},"end":{"line":51,"column":18}},"15":{"start":{"line":56,"column":4},"end":{"line":77,"column":5}},"16":{"start":{"line":57,"column":32},"end":{"line":57,"column":71}},"17":{"start":{"line":59,"column":6},"end":{"line":59,"column":48}},"18":{"start":{"line":60,"column":6},"end":{"line":64,"column":7}},"19":{"start":{"line":61,"column":8},"end":{"line":63,"column":10}},"20":{"start":{"line":66,"column":28},"end":{"line":66,"column":36}},"21":{"start":{"line":68,"column":6},"end":{"line":68,"column":54}},"22":{"start":{"line":70,"column":6},"end":{"line":70,"column":39}},"23":{"start":{"line":72,"column":6},"end":{"line":74,"column":9}},"24":{"start":{"line":76,"column":6},"end":{"line":76,"column":18}},"25":{"start":{"line":81,"column":0},"end":{"line":81,"column":37}}},"fnMap":{"0":{"name":"(anonymous_0)","decl":{"start":{"line":4,"column":2},"end":{"line":4,"column":3}},"loc":{"start":{"line":4,"column":45},"end":{"line":29,"column":3}},"line":4},"1":{"name":"(anonymous_1)","decl":{"start":{"line":14,"column":11},"end":{"line":14,"column":12}},"loc":{"start":{"line":14,"column":17},"end":{"line":16,"column":11}},"line":14},"2":{"name":"(anonymous_2)","decl":{"start":{"line":31,"column":2},"end":{"line":31,"column":3}},"loc":{"start":{"line":31,"column":41},"end":{"line":53,"column":3}},"line":31},"3":{"name":"(anonymous_3)","decl":{"start":{"line":55,"column":2},"end":{"line":55,"column":3}},"loc":{"start":{"line":55,"column":51},"end":{"line":78,"column":3}},"line":55}},"branchMap":{"0":{"loc":{"start":{"line":10,"column":6},"end":{"line":16,"column":14}},"type":"cond-expr","locations":[{"start":{"line":11,"column":10},"end":{"line":11,"column":14}},{"start":{"line":14,"column":10},"end":{"line":16,"column":14}}],"line":10},"1":{"loc":{"start":{"line":60,"column":6},"end":{"line":64,"column":7}},"type":"if","locations":[{"start":{"line":60,"column":6},"end":{"line":64,"column":7}},{"start":{},"end":{}}],"line":60}},"s":{"0":2,"1":5,"2":5,"3":5,"4":5,"5":1,"6":4,"7":4,"8":4,"9":1,"10":1,"11":1,"12":1,"13":1,"14":0,"15":1,"16":1,"17":1,"18":1,"19":0,"20":1,"21":1,"22":1,"23":1,"24":0,"25":2},"f":{"0":5,"1":1,"2":1,"3":1},"b":{"0":[4,1],"1":[0,1]},"_coverageSchema":"1a1c01bbd47fc00a2c39e90264f33305004495a9","hash":"28d9497275c0e96b5c7a8c99076318f0b4e18d5a"}
,"/Users/910219/LiveCode 3 Phase 2 Repeat/LiveCode3_Repeat/server/controllers/HeroController.js": {"path":"/Users/910219/LiveCode 3 Phase 2 Repeat/LiveCode3_Repeat/server/controllers/HeroController.js","statementMap":{"0":{"start":{"line":1,"column":17},"end":{"line":1,"column":37}},"1":{"start":{"line":5,"column":4},"end":{"line":9,"column":5}},"2":{"start":{"line":6,"column":6},"end":{"line":6,"column":52}},"3":{"start":{"line":8,"column":6},"end":{"line":8,"column":18}},"4":{"start":{"line":12,"column":4},"end":{"line":17,"column":5}},"5":{"start":{"line":13,"column":26},"end":{"line":13,"column":46}},"6":{"start":{"line":14,"column":6},"end":{"line":14,"column":28}},"7":{"start":{"line":16,"column":6},"end":{"line":16,"column":18}},"8":{"start":{"line":21,"column":0},"end":{"line":21,"column":32}}},"fnMap":{"0":{"name":"(anonymous_0)","decl":{"start":{"line":4,"column":2},"end":{"line":4,"column":3}},"loc":{"start":{"line":4,"column":40},"end":{"line":10,"column":3}},"line":4},"1":{"name":"(anonymous_1)","decl":{"start":{"line":11,"column":2},"end":{"line":11,"column":3}},"loc":{"start":{"line":11,"column":44},"end":{"line":18,"column":3}},"line":11}},"branchMap":{},"s":{"0":2,"1":1,"2":1,"3":0,"4":1,"5":1,"6":1,"7":0,"8":2},"f":{"0":1,"1":1},"b":{},"_coverageSchema":"1a1c01bbd47fc00a2c39e90264f33305004495a9","hash":"440ad462351e8a968b6410a03ed338603d23017a"}
,"/Users/910219/LiveCode 3 Phase 2 Repeat/LiveCode3_Repeat/server/controllers/UserController.js": {"path":"/Users/910219/LiveCode 3 Phase 2 Repeat/LiveCode3_Repeat/server/controllers/UserController.js","statementMap":{"0":{"start":{"line":1,"column":28},"end":{"line":1,"column":56}},"1":{"start":{"line":2,"column":27},"end":{"line":2,"column":52}},"2":{"start":{"line":3,"column":17},"end":{"line":3,"column":38}},"3":{"start":{"line":9,"column":4},"end":{"line":17,"column":5}},"4":{"start":{"line":10,"column":24},"end":{"line":10,"column":51}},"5":{"start":{"line":11,"column":6},"end":{"line":14,"column":9}},"6":{"start":{"line":16,"column":6},"end":{"line":16,"column":18}},"7":{"start":{"line":21,"column":4},"end":{"line":50,"column":5}},"8":{"start":{"line":22,"column":32},"end":{"line":22,"column":40}},"9":{"start":{"line":23,"column":6},"end":{"line":25,"column":7}},"10":{"start":{"line":24,"column":8},"end":{"line":24,"column":39}},"11":{"start":{"line":26,"column":19},"end":{"line":28,"column":8}},"12":{"start":{"line":30,"column":6},"end":{"line":32,"column":7}},"13":{"start":{"line":31,"column":8},"end":{"line":31,"column":39}},"14":{"start":{"line":34,"column":20},"end":{"line":34,"column":60}},"15":{"start":{"line":36,"column":6},"end":{"line":38,"column":7}},"16":{"start":{"line":37,"column":8},"end":{"line":37,"column":39}},"17":{"start":{"line":39,"column":18},"end":{"line":41,"column":8}},"18":{"start":{"line":43,"column":6},"end":{"line":47,"column":9}},"19":{"start":{"line":49,"column":6},"end":{"line":49,"column":18}},"20":{"start":{"line":53,"column":0},"end":{"line":53,"column":32}}},"fnMap":{"0":{"name":"(anonymous_0)","decl":{"start":{"line":7,"column":2},"end":{"line":7,"column":3}},"loc":{"start":{"line":7,"column":44},"end":{"line":19,"column":3}},"line":7},"1":{"name":"(anonymous_1)","decl":{"start":{"line":20,"column":2},"end":{"line":20,"column":3}},"loc":{"start":{"line":20,"column":41},"end":{"line":51,"column":3}},"line":20}},"branchMap":{"0":{"loc":{"start":{"line":23,"column":6},"end":{"line":25,"column":7}},"type":"if","locations":[{"start":{"line":23,"column":6},"end":{"line":25,"column":7}},{"start":{},"end":{}}],"line":23},"1":{"loc":{"start":{"line":23,"column":10},"end":{"line":23,"column":29}},"type":"binary-expr","locations":[{"start":{"line":23,"column":10},"end":{"line":23,"column":16}},{"start":{"line":23,"column":20},"end":{"line":23,"column":29}}],"line":23},"2":{"loc":{"start":{"line":30,"column":6},"end":{"line":32,"column":7}},"type":"if","locations":[{"start":{"line":30,"column":6},"end":{"line":32,"column":7}},{"start":{},"end":{}}],"line":30},"3":{"loc":{"start":{"line":36,"column":6},"end":{"line":38,"column":7}},"type":"if","locations":[{"start":{"line":36,"column":6},"end":{"line":38,"column":7}},{"start":{},"end":{}}],"line":36}},"s":{"0":2,"1":2,"2":2,"3":1,"4":1,"5":1,"6":0,"7":12,"8":12,"9":12,"10":4,"11":8,"12":8,"13":0,"14":8,"15":8,"16":0,"17":8,"18":8,"19":4,"20":2},"f":{"0":1,"1":12},"b":{"0":[4,8],"1":[12,9],"2":[0,8],"3":[0,8]},"_coverageSchema":"1a1c01bbd47fc00a2c39e90264f33305004495a9","hash":"42f14324bd63cce7de8b33748fad72a5ad0266a7"}
,"/Users/910219/LiveCode 3 Phase 2 Repeat/LiveCode3_Repeat/server/helpers/bcrypt.js": {"path":"/Users/910219/LiveCode 3 Phase 2 Repeat/LiveCode3_Repeat/server/helpers/bcrypt.js","statementMap":{"0":{"start":{"line":1,"column":34},"end":{"line":1,"column":53}},"1":{"start":{"line":2,"column":0},"end":{"line":5,"column":2}},"2":{"start":{"line":3,"column":30},"end":{"line":3,"column":48}},"3":{"start":{"line":4,"column":50},"end":{"line":4,"column":88}}},"fnMap":{"0":{"name":"(anonymous_0)","decl":{"start":{"line":3,"column":16},"end":{"line":3,"column":17}},"loc":{"start":{"line":3,"column":30},"end":{"line":3,"column":48}},"line":3},"1":{"name":"(anonymous_1)","decl":{"start":{"line":4,"column":19},"end":{"line":4,"column":20}},"loc":{"start":{"line":4,"column":50},"end":{"line":4,"column":88}},"line":4}},"branchMap":{},"s":{"0":2,"1":2,"2":5,"3":8},"f":{"0":5,"1":8},"b":{},"_coverageSchema":"1a1c01bbd47fc00a2c39e90264f33305004495a9","hash":"02891928a29f88a540bcddfbc068b468af07cb6c"}
,"/Users/910219/LiveCode 3 Phase 2 Repeat/LiveCode3_Repeat/server/helpers/jwt.js": {"path":"/Users/910219/LiveCode 3 Phase 2 Repeat/LiveCode3_Repeat/server/helpers/jwt.js","statementMap":{"0":{"start":{"line":1,"column":12},"end":{"line":1,"column":35}},"1":{"start":{"line":2,"column":15},"end":{"line":2,"column":37}},"2":{"start":{"line":4,"column":23},"end":{"line":7,"column":1}},"3":{"start":{"line":5,"column":14},"end":{"line":5,"column":39}},"4":{"start":{"line":6,"column":2},"end":{"line":6,"column":15}},"5":{"start":{"line":9,"column":23},"end":{"line":12,"column":1}},"6":{"start":{"line":10,"column":16},"end":{"line":10,"column":41}},"7":{"start":{"line":11,"column":2},"end":{"line":11,"column":17}},"8":{"start":{"line":13,"column":0},"end":{"line":13,"column":52}}},"fnMap":{"0":{"name":"(anonymous_0)","decl":{"start":{"line":4,"column":23},"end":{"line":4,"column":24}},"loc":{"start":{"line":4,"column":36},"end":{"line":7,"column":1}},"line":4},"1":{"name":"(anonymous_1)","decl":{"start":{"line":9,"column":23},"end":{"line":9,"column":24}},"loc":{"start":{"line":9,"column":34},"end":{"line":12,"column":1}},"line":9}},"branchMap":{},"s":{"0":2,"1":2,"2":2,"3":8,"4":8,"5":2,"6":9,"7":9,"8":2},"f":{"0":8,"1":9},"b":{},"_coverageSchema":"1a1c01bbd47fc00a2c39e90264f33305004495a9","hash":"5cb442c538f34fc6b5c05b0b02b65dca105696a5"}
,"/Users/910219/LiveCode 3 Phase 2 Repeat/LiveCode3_Repeat/server/middleware/authentication.js": {"path":"/Users/910219/LiveCode 3 Phase 2 Repeat/LiveCode3_Repeat/server/middleware/authentication.js","statementMap":{"0":{"start":{"line":1,"column":27},"end":{"line":1,"column":52}},"1":{"start":{"line":2,"column":17},"end":{"line":2,"column":37}},"2":{"start":{"line":3,"column":23},"end":{"line":28,"column":1}},"3":{"start":{"line":4,"column":2},"end":{"line":27,"column":3}},"4":{"start":{"line":5,"column":23},"end":{"line":5,"column":48}},"5":{"start":{"line":6,"column":4},"end":{"line":6,"column":54}},"6":{"start":{"line":6,"column":23},"end":{"line":6,"column":54}},"7":{"start":{"line":8,"column":26},"end":{"line":8,"column":49}},"8":{"start":{"line":9,"column":4},"end":{"line":11,"column":5}},"9":{"start":{"line":10,"column":6},"end":{"line":10,"column":37}},"10":{"start":{"line":12,"column":18},"end":{"line":12,"column":39}},"11":{"start":{"line":14,"column":15},"end":{"line":14,"column":46}},"12":{"start":{"line":16,"column":4},"end":{"line":18,"column":5}},"13":{"start":{"line":17,"column":6},"end":{"line":17,"column":37}},"14":{"start":{"line":20,"column":4},"end":{"line":22,"column":6}},"15":{"start":{"line":24,"column":4},"end":{"line":24,"column":11}},"16":{"start":{"line":26,"column":4},"end":{"line":26,"column":16}},"17":{"start":{"line":30,"column":0},"end":{"line":30,"column":32}}},"fnMap":{"0":{"name":"(anonymous_0)","decl":{"start":{"line":3,"column":23},"end":{"line":3,"column":24}},"loc":{"start":{"line":3,"column":49},"end":{"line":28,"column":1}},"line":3}},"branchMap":{"0":{"loc":{"start":{"line":6,"column":4},"end":{"line":6,"column":54}},"type":"if","locations":[{"start":{"line":6,"column":4},"end":{"line":6,"column":54}},{"start":{},"end":{}}],"line":6},"1":{"loc":{"start":{"line":9,"column":4},"end":{"line":11,"column":5}},"type":"if","locations":[{"start":{"line":9,"column":4},"end":{"line":11,"column":5}},{"start":{},"end":{}}],"line":9},"2":{"loc":{"start":{"line":16,"column":4},"end":{"line":18,"column":5}},"type":"if","locations":[{"start":{"line":16,"column":4},"end":{"line":18,"column":5}},{"start":{},"end":{}}],"line":16}},"s":{"0":2,"1":2,"2":2,"3":11,"4":11,"5":11,"6":1,"7":10,"8":10,"9":1,"10":9,"11":9,"12":9,"13":0,"14":9,"15":9,"16":2,"17":2},"f":{"0":11},"b":{"0":[1,10],"1":[1,9],"2":[0,9]},"_coverageSchema":"1a1c01bbd47fc00a2c39e90264f33305004495a9","hash":"89d3ac8aac0fb03fa6c8b33a0da11b8cfcc8ccd8"}
,"/Users/910219/LiveCode 3 Phase 2 Repeat/LiveCode3_Repeat/server/middleware/authorization.js": {"path":"/Users/910219/LiveCode 3 Phase 2 Repeat/LiveCode3_Repeat/server/middleware/authorization.js","statementMap":{"0":{"start":{"line":1,"column":27},"end":{"line":1,"column":52}},"1":{"start":{"line":2,"column":22},"end":{"line":2,"column":42}},"2":{"start":{"line":3,"column":22},"end":{"line":24,"column":1}},"3":{"start":{"line":4,"column":2},"end":{"line":23,"column":3}},"4":{"start":{"line":5,"column":18},"end":{"line":5,"column":57}},"5":{"start":{"line":7,"column":4},"end":{"line":11,"column":5}},"6":{"start":{"line":8,"column":6},"end":{"line":10,"column":8}},"7":{"start":{"line":13,"column":4},"end":{"line":19,"column":5}},"8":{"start":{"line":14,"column":6},"end":{"line":14,"column":13}},"9":{"start":{"line":16,"column":6},"end":{"line":18,"column":8}},"10":{"start":{"line":21,"column":4},"end":{"line":21,"column":23}},"11":{"start":{"line":22,"column":4},"end":{"line":22,"column":16}},"12":{"start":{"line":26,"column":0},"end":{"line":26,"column":31}}},"fnMap":{"0":{"name":"(anonymous_0)","decl":{"start":{"line":3,"column":22},"end":{"line":3,"column":23}},"loc":{"start":{"line":3,"column":48},"end":{"line":24,"column":1}},"line":3}},"branchMap":{"0":{"loc":{"start":{"line":7,"column":4},"end":{"line":11,"column":5}},"type":"if","locations":[{"start":{"line":7,"column":4},"end":{"line":11,"column":5}},{"start":{},"end":{}}],"line":7},"1":{"loc":{"start":{"line":13,"column":4},"end":{"line":19,"column":5}},"type":"if","locations":[{"start":{"line":13,"column":4},"end":{"line":19,"column":5}},{"start":{"line":15,"column":11},"end":{"line":19,"column":5}}],"line":13}},"s":{"0":2,"1":2,"2":2,"3":2,"4":2,"5":2,"6":0,"7":2,"8":1,"9":1,"10":1,"11":1,"12":2},"f":{"0":2},"b":{"0":[0,2],"1":[1,1]},"_coverageSchema":"1a1c01bbd47fc00a2c39e90264f33305004495a9","hash":"f888268b466cc7df5ab36ee8231de4a85609114a"}
,"/Users/910219/LiveCode 3 Phase 2 Repeat/LiveCode3_Repeat/server/middleware/errorHandler.js": {"path":"/Users/910219/LiveCode 3 Phase 2 Repeat/LiveCode3_Repeat/server/middleware/errorHandler.js","statementMap":{"0":{"start":{"line":2,"column":15},"end":{"line":2,"column":27}},"1":{"start":{"line":3,"column":16},"end":{"line":3,"column":29}},"2":{"start":{"line":5,"column":2},"end":{"line":47,"column":3}},"3":{"start":{"line":7,"column":6},"end":{"line":7,"column":19}},"4":{"start":{"line":8,"column":6},"end":{"line":8,"column":45}},"5":{"start":{"line":9,"column":6},"end":{"line":9,"column":12}},"6":{"start":{"line":13,"column":6},"end":{"line":13,"column":19}},"7":{"start":{"line":14,"column":6},"end":{"line":14,"column":53}},"8":{"start":{"line":14,"column":41},"end":{"line":14,"column":51}},"9":{"start":{"line":15,"column":6},"end":{"line":15,"column":12}},"10":{"start":{"line":19,"column":6},"end":{"line":19,"column":19}},"11":{"start":{"line":20,"column":6},"end":{"line":20,"column":34}},"12":{"start":{"line":21,"column":6},"end":{"line":21,"column":12}},"13":{"start":{"line":24,"column":6},"end":{"line":24,"column":19}},"14":{"start":{"line":25,"column":6},"end":{"line":25,"column":36}},"15":{"start":{"line":26,"column":6},"end":{"line":26,"column":12}},"16":{"start":{"line":29,"column":6},"end":{"line":29,"column":19}},"17":{"start":{"line":30,"column":6},"end":{"line":30,"column":33}},"18":{"start":{"line":31,"column":6},"end":{"line":31,"column":12}},"19":{"start":{"line":34,"column":6},"end":{"line":34,"column":19}},"20":{"start":{"line":35,"column":6},"end":{"line":35,"column":41}},"21":{"start":{"line":36,"column":6},"end":{"line":36,"column":12}},"22":{"start":{"line":39,"column":6},"end":{"line":39,"column":19}},"23":{"start":{"line":40,"column":6},"end":{"line":40,"column":47}},"24":{"start":{"line":41,"column":6},"end":{"line":41,"column":12}},"25":{"start":{"line":44,"column":6},"end":{"line":44,"column":25}},"26":{"start":{"line":45,"column":6},"end":{"line":45,"column":65}},"27":{"start":{"line":46,"column":6},"end":{"line":46,"column":12}},"28":{"start":{"line":49,"column":2},"end":{"line":51,"column":5}},"29":{"start":{"line":54,"column":0},"end":{"line":54,"column":30}}},"fnMap":{"0":{"name":"errorHandler","decl":{"start":{"line":1,"column":9},"end":{"line":1,"column":21}},"loc":{"start":{"line":1,"column":45},"end":{"line":52,"column":1}},"line":1},"1":{"name":"(anonymous_1)","decl":{"start":{"line":14,"column":33},"end":{"line":14,"column":34}},"loc":{"start":{"line":14,"column":41},"end":{"line":14,"column":51}},"line":14}},"branchMap":{"0":{"loc":{"start":{"line":5,"column":2},"end":{"line":47,"column":3}},"type":"switch","locations":[{"start":{"line":6,"column":4},"end":{"line":9,"column":12}},{"start":{"line":11,"column":4},"end":{"line":11,"column":36}},{"start":{"line":12,"column":4},"end":{"line":15,"column":12}},{"start":{"line":17,"column":4},"end":{"line":17,"column":29}},{"start":{"line":18,"column":4},"end":{"line":21,"column":12}},{"start":{"line":23,"column":4},"end":{"line":26,"column":12}},{"start":{"line":28,"column":4},"end":{"line":31,"column":12}},{"start":{"line":33,"column":4},"end":{"line":36,"column":12}},{"start":{"line":38,"column":4},"end":{"line":41,"column":12}},{"start":{"line":43,"column":4},"end":{"line":46,"column":12}}],"line":5}},"s":{"0":8,"1":8,"2":8,"3":4,"4":4,"5":4,"6":0,"7":0,"8":0,"9":0,"10":2,"11":2,"12":2,"13":0,"14":0,"15":0,"16":1,"17":1,"18":1,"19":1,"20":1,"21":1,"22":0,"23":0,"24":0,"25":0,"26":0,"27":0,"28":8,"29":2},"f":{"0":8,"1":0},"b":{"0":[4,0,0,0,2,0,1,1,0,0]},"_coverageSchema":"1a1c01bbd47fc00a2c39e90264f33305004495a9","hash":"126be74cbb4d962db21721a607cc08351d8a5e86"}
,"/Users/910219/LiveCode 3 Phase 2 Repeat/LiveCode3_Repeat/server/models/favourite.js": {"path":"/Users/910219/LiveCode 3 Phase 2 Repeat/LiveCode3_Repeat/server/models/favourite.js","statementMap":{"0":{"start":{"line":2,"column":18},"end":{"line":2,"column":38}},"1":{"start":{"line":3,"column":0},"end":{"line":79,"column":2}},"2":{"start":{"line":6,"column":6},"end":{"line":8,"column":9}},"3":{"start":{"line":9,"column":6},"end":{"line":11,"column":9}},"4":{"start":{"line":14,"column":2},"end":{"line":77,"column":4}},"5":{"start":{"line":72,"column":10},"end":{"line":72,"column":31}},"6":{"start":{"line":73,"column":10},"end":{"line":73,"column":30}},"7":{"start":{"line":78,"column":2},"end":{"line":78,"column":19}}},"fnMap":{"0":{"name":"(anonymous_0)","decl":{"start":{"line":3,"column":17},"end":{"line":3,"column":18}},"loc":{"start":{"line":3,"column":43},"end":{"line":79,"column":1}},"line":3},"1":{"name":"(anonymous_1)","decl":{"start":{"line":5,"column":4},"end":{"line":5,"column":5}},"loc":{"start":{"line":5,"column":29},"end":{"line":12,"column":5}},"line":5},"2":{"name":"(anonymous_2)","decl":{"start":{"line":71,"column":8},"end":{"line":71,"column":9}},"loc":{"start":{"line":71,"column":32},"end":{"line":74,"column":9}},"line":71}},"branchMap":{},"s":{"0":2,"1":2,"2":2,"3":2,"4":2,"5":4,"6":4,"7":2},"f":{"0":2,"1":2,"2":4},"b":{},"_coverageSchema":"1a1c01bbd47fc00a2c39e90264f33305004495a9","hash":"d1c6442a5e15408c462d0370da4ba08c4cb67802"}
,"/Users/910219/LiveCode 3 Phase 2 Repeat/LiveCode3_Repeat/server/models/hero.js": {"path":"/Users/910219/LiveCode 3 Phase 2 Repeat/LiveCode3_Repeat/server/models/hero.js","statementMap":{"0":{"start":{"line":2,"column":18},"end":{"line":2,"column":38}},"1":{"start":{"line":3,"column":0},"end":{"line":57,"column":2}},"2":{"start":{"line":6,"column":6},"end":{"line":9,"column":9}},"3":{"start":{"line":12,"column":2},"end":{"line":55,"column":4}},"4":{"start":{"line":56,"column":2},"end":{"line":56,"column":14}}},"fnMap":{"0":{"name":"(anonymous_0)","decl":{"start":{"line":3,"column":17},"end":{"line":3,"column":18}},"loc":{"start":{"line":3,"column":43},"end":{"line":57,"column":1}},"line":3},"1":{"name":"(anonymous_1)","decl":{"start":{"line":5,"column":4},"end":{"line":5,"column":5}},"loc":{"start":{"line":5,"column":29},"end":{"line":10,"column":5}},"line":5}},"branchMap":{},"s":{"0":2,"1":2,"2":2,"3":2,"4":2},"f":{"0":2,"1":2},"b":{},"_coverageSchema":"1a1c01bbd47fc00a2c39e90264f33305004495a9","hash":"276cde719de15259bfb1a0ec493f825eecd37456"}
,"/Users/910219/LiveCode 3 Phase 2 Repeat/LiveCode3_Repeat/server/models/index.js": {"path":"/Users/910219/LiveCode 3 Phase 2 Repeat/LiveCode3_Repeat/server/models/index.js","statementMap":{"0":{"start":{"line":3,"column":11},"end":{"line":3,"column":24}},"1":{"start":{"line":4,"column":13},"end":{"line":4,"column":28}},"2":{"start":{"line":5,"column":18},"end":{"line":5,"column":38}},"3":{"start":{"line":6,"column":16},"end":{"line":6,"column":34}},"4":{"start":{"line":7,"column":17},"end":{"line":7,"column":42}},"5":{"start":{"line":8,"column":12},"end":{"line":8,"column":49}},"6":{"start":{"line":9,"column":15},"end":{"line":9,"column":65}},"7":{"start":{"line":10,"column":11},"end":{"line":10,"column":13}},"8":{"start":{"line":13,"column":0},"end":{"line":17,"column":1}},"9":{"start":{"line":14,"column":2},"end":{"line":14,"column":74}},"10":{"start":{"line":16,"column":2},"end":{"line":16,"column":87}},"11":{"start":{"line":19,"column":0},"end":{"line":32,"column":5}},"12":{"start":{"line":22,"column":4},"end":{"line":27,"column":6}},"13":{"start":{"line":30,"column":18},"end":{"line":30,"column":85}},"14":{"start":{"line":31,"column":4},"end":{"line":31,"column":27}},"15":{"start":{"line":34,"column":0},"end":{"line":38,"column":3}},"16":{"start":{"line":35,"column":2},"end":{"line":37,"column":3}},"17":{"start":{"line":36,"column":4},"end":{"line":36,"column":32}},"18":{"start":{"line":40,"column":0},"end":{"line":40,"column":25}},"19":{"start":{"line":41,"column":0},"end":{"line":41,"column":25}},"20":{"start":{"line":43,"column":0},"end":{"line":43,"column":20}}},"fnMap":{"0":{"name":"(anonymous_0)","decl":{"start":{"line":21,"column":10},"end":{"line":21,"column":11}},"loc":{"start":{"line":21,"column":18},"end":{"line":28,"column":3}},"line":21},"1":{"name":"(anonymous_1)","decl":{"start":{"line":29,"column":11},"end":{"line":29,"column":12}},"loc":{"start":{"line":29,"column":19},"end":{"line":32,"column":3}},"line":29},"2":{"name":"(anonymous_2)","decl":{"start":{"line":34,"column":24},"end":{"line":34,"column":25}},"loc":{"start":{"line":34,"column":37},"end":{"line":38,"column":1}},"line":34}},"branchMap":{"0":{"loc":{"start":{"line":8,"column":12},"end":{"line":8,"column":49}},"type":"binary-expr","locations":[{"start":{"line":8,"column":12},"end":{"line":8,"column":32}},{"start":{"line":8,"column":36},"end":{"line":8,"column":49}}],"line":8},"1":{"loc":{"start":{"line":13,"column":0},"end":{"line":17,"column":1}},"type":"if","locations":[{"start":{"line":13,"column":0},"end":{"line":17,"column":1}},{"start":{"line":15,"column":7},"end":{"line":17,"column":1}}],"line":13},"2":{"loc":{"start":{"line":23,"column":6},"end":{"line":26,"column":37}},"type":"binary-expr","locations":[{"start":{"line":23,"column":6},"end":{"line":23,"column":29}},{"start":{"line":24,"column":6},"end":{"line":24,"column":23}},{"start":{"line":25,"column":6},"end":{"line":25,"column":30}},{"start":{"line":26,"column":6},"end":{"line":26,"column":37}}],"line":23},"3":{"loc":{"start":{"line":35,"column":2},"end":{"line":37,"column":3}},"type":"if","locations":[{"start":{"line":35,"column":2},"end":{"line":37,"column":3}},{"start":{},"end":{}}],"line":35}},"s":{"0":2,"1":2,"2":2,"3":2,"4":2,"5":2,"6":2,"7":2,"8":2,"9":0,"10":2,"11":2,"12":8,"13":6,"14":6,"15":2,"16":6,"17":6,"18":2,"19":2,"20":2},"f":{"0":8,"1":6,"2":6},"b":{"0":[2,0],"1":[0,2],"2":[8,8,6,6],"3":[6,0]},"_coverageSchema":"1a1c01bbd47fc00a2c39e90264f33305004495a9","hash":"7b2fb2078da2ba6c09d9322fcb140204fea948d5"}
,"/Users/910219/LiveCode 3 Phase 2 Repeat/LiveCode3_Repeat/server/models/user.js": {"path":"/Users/910219/LiveCode 3 Phase 2 Repeat/LiveCode3_Repeat/server/models/user.js","statementMap":{"0":{"start":{"line":2,"column":18},"end":{"line":2,"column":38}},"1":{"start":{"line":3,"column":25},"end":{"line":3,"column":53}},"2":{"start":{"line":4,"column":0},"end":{"line":68,"column":2}},"3":{"start":{"line":7,"column":6},"end":{"line":10,"column":9}},"4":{"start":{"line":13,"column":2},"end":{"line":66,"column":4}},"5":{"start":{"line":50,"column":12},"end":{"line":52,"column":13}},"6":{"start":{"line":51,"column":14},"end":{"line":51,"column":74}},"7":{"start":{"line":62,"column":10},"end":{"line":62,"column":54}},"8":{"start":{"line":67,"column":2},"end":{"line":67,"column":14}}},"fnMap":{"0":{"name":"(anonymous_0)","decl":{"start":{"line":4,"column":17},"end":{"line":4,"column":18}},"loc":{"start":{"line":4,"column":43},"end":{"line":68,"column":1}},"line":4},"1":{"name":"(anonymous_1)","decl":{"start":{"line":6,"column":4},"end":{"line":6,"column":5}},"loc":{"start":{"line":6,"column":29},"end":{"line":11,"column":5}},"line":6},"2":{"name":"(anonymous_2)","decl":{"start":{"line":49,"column":10},"end":{"line":49,"column":11}},"loc":{"start":{"line":49,"column":21},"end":{"line":53,"column":11}},"line":49},"3":{"name":"(anonymous_3)","decl":{"start":{"line":61,"column":8},"end":{"line":61,"column":9}},"loc":{"start":{"line":61,"column":27},"end":{"line":63,"column":9}},"line":61}},"branchMap":{"0":{"loc":{"start":{"line":50,"column":12},"end":{"line":52,"column":13}},"type":"if","locations":[{"start":{"line":50,"column":12},"end":{"line":52,"column":13}},{"start":{},"end":{}}],"line":50}},"s":{"0":2,"1":2,"2":2,"3":2,"4":2,"5":1,"6":0,"7":1,"8":2},"f":{"0":2,"1":2,"2":1,"3":1},"b":{"0":[0,1]},"_coverageSchema":"1a1c01bbd47fc00a2c39e90264f33305004495a9","hash":"d2cf3bc2f8dc0049e4e9d50302e5be91102b25c5"}
,"/Users/910219/LiveCode 3 Phase 2 Repeat/LiveCode3_Repeat/server/routes/index.js": {"path":"/Users/910219/LiveCode 3 Phase 2 Repeat/LiveCode3_Repeat/server/routes/index.js","statementMap":{"0":{"start":{"line":1,"column":16},"end":{"line":1,"column":34}},"1":{"start":{"line":2,"column":15},"end":{"line":2,"column":31}},"2":{"start":{"line":3,"column":18},"end":{"line":3,"column":49}},"3":{"start":{"line":4,"column":18},"end":{"line":4,"column":50}},"4":{"start":{"line":5,"column":18},"end":{"line":5,"column":60}},"5":{"start":{"line":6,"column":23},"end":{"line":6,"column":63}},"6":{"start":{"line":8,"column":0},"end":{"line":8,"column":41}},"7":{"start":{"line":9,"column":0},"end":{"line":9,"column":32}},"8":{"start":{"line":10,"column":0},"end":{"line":10,"column":33}},"9":{"start":{"line":11,"column":0},"end":{"line":11,"column":35}},"10":{"start":{"line":14,"column":0},"end":{"line":14,"column":24}}},"fnMap":{},"branchMap":{},"s":{"0":2,"1":2,"2":2,"3":2,"4":2,"5":2,"6":2,"7":2,"8":2,"9":2,"10":2},"f":{},"b":{},"_coverageSchema":"1a1c01bbd47fc00a2c39e90264f33305004495a9","hash":"cfe45caacfd5f33cc1873443ce3587d6754b562c"}
,"/Users/910219/LiveCode 3 Phase 2 Repeat/LiveCode3_Repeat/server/routes/favourites/favourite.js": {"path":"/Users/910219/LiveCode 3 Phase 2 Repeat/LiveCode3_Repeat/server/routes/favourites/favourite.js","statementMap":{"0":{"start":{"line":1,"column":16},"end":{"line":1,"column":34}},"1":{"start":{"line":3,"column":23},"end":{"line":3,"column":66}},"2":{"start":{"line":4,"column":23},"end":{"line":4,"column":65}},"3":{"start":{"line":5,"column":28},"end":{"line":5,"column":75}},"4":{"start":{"line":6,"column":22},"end":{"line":6,"column":63}},"5":{"start":{"line":7,"column":15},"end":{"line":7,"column":31}},"6":{"start":{"line":9,"column":0},"end":{"line":9,"column":27}},"7":{"start":{"line":10,"column":0},"end":{"line":10,"column":47}},"8":{"start":{"line":11,"column":0},"end":{"line":11,"column":59}},"9":{"start":{"line":12,"column":0},"end":{"line":12,"column":75}},"10":{"start":{"line":14,"column":0},"end":{"line":14,"column":24}}},"fnMap":{},"branchMap":{},"s":{"0":2,"1":2,"2":2,"3":2,"4":2,"5":2,"6":2,"7":2,"8":2,"9":2,"10":2},"f":{},"b":{},"_coverageSchema":"1a1c01bbd47fc00a2c39e90264f33305004495a9","hash":"ba15dfe6ea8f5831c97a639bc90f32af2635ea8a"}
,"/Users/910219/LiveCode 3 Phase 2 Repeat/LiveCode3_Repeat/server/routes/heroes/hero.js": {"path":"/Users/910219/LiveCode 3 Phase 2 Repeat/LiveCode3_Repeat/server/routes/heroes/hero.js","statementMap":{"0":{"start":{"line":1,"column":16},"end":{"line":1,"column":34}},"1":{"start":{"line":3,"column":23},"end":{"line":3,"column":66}},"2":{"start":{"line":4,"column":23},"end":{"line":4,"column":65}},"3":{"start":{"line":5,"column":15},"end":{"line":5,"column":31}},"4":{"start":{"line":7,"column":0},"end":{"line":7,"column":27}},"5":{"start":{"line":8,"column":0},"end":{"line":8,"column":45}},"6":{"start":{"line":10,"column":0},"end":{"line":10,"column":24}}},"fnMap":{},"branchMap":{},"s":{"0":2,"1":2,"2":2,"3":2,"4":2,"5":2,"6":2},"f":{},"b":{},"_coverageSchema":"1a1c01bbd47fc00a2c39e90264f33305004495a9","hash":"839f3ea8206d304ac58a7bbcbdc126cf3ff90988"}
,"/Users/910219/LiveCode 3 Phase 2 Repeat/LiveCode3_Repeat/server/routes/users/user.js": {"path":"/Users/910219/LiveCode 3 Phase 2 Repeat/LiveCode3_Repeat/server/routes/users/user.js","statementMap":{"0":{"start":{"line":1,"column":16},"end":{"line":1,"column":34}},"1":{"start":{"line":2,"column":23},"end":{"line":2,"column":66}},"2":{"start":{"line":3,"column":15},"end":{"line":3,"column":31}},"3":{"start":{"line":4,"column":0},"end":{"line":4,"column":54}},"4":{"start":{"line":5,"column":0},"end":{"line":5,"column":48}},"5":{"start":{"line":6,"column":0},"end":{"line":6,"column":24}}},"fnMap":{},"branchMap":{},"s":{"0":2,"1":2,"2":2,"3":2,"4":2,"5":2},"f":{},"b":{},"_coverageSchema":"1a1c01bbd47fc00a2c39e90264f33305004495a9","hash":"f061de25386e517eb9736fc6bfa973a366bce4d8"}
}
