TN:
SF:app.js
FNF:0
FNH:0
DA:1,2
DA:2,2
DA:5,2
DA:6,2
DA:7,2
DA:8,2
DA:9,2
DA:11,2
DA:12,2
DA:13,2
DA:14,2
DA:15,2
DA:16,2
LF:13
LH:13
BRDA:1,0,0,2
BRDA:1,0,1,0
BRF:2
BRH:1
end_of_record
TN:
SF:controllers/FavoriteController.js
FN:4,(anonymous_0)
FN:14,(anonymous_1)
FN:31,(anonymous_2)
FN:55,(anonymous_3)
FNF:4
FNH:4
FNDA:5,(anonymous_0)
FNDA:1,(anonymous_1)
FNDA:1,(anonymous_2)
FNDA:1,(anonymous_3)
DA:1,2
DA:5,5
DA:6,5
DA:8,5
DA:10,5
DA:15,1
DA:18,4
DA:20,4
DA:25,4
DA:27,1
DA:32,1
DA:34,1
DA:36,1
DA:49,1
DA:51,0
DA:56,1
DA:57,1
DA:59,1
DA:60,1
DA:61,0
DA:66,1
DA:68,1
DA:70,1
DA:72,1
DA:76,0
DA:81,2
LF:26
LH:23
BRDA:10,0,0,4
BRDA:10,0,1,1
BRDA:60,1,0,0
BRDA:60,1,1,1
BRF:4
BRH:3
end_of_record
TN:
SF:controllers/HeroController.js
FN:4,(anonymous_0)
FN:11,(anonymous_1)
FNF:2
FNH:2
FNDA:1,(anonymous_0)
FNDA:1,(anonymous_1)
DA:1,2
DA:5,1
DA:6,1
DA:8,0
DA:12,1
DA:13,1
DA:14,1
DA:16,0
DA:21,2
LF:9
LH:7
BRF:0
BRH:0
end_of_record
TN:
SF:controllers/UserController.js
FN:7,(anonymous_0)
FN:20,(anonymous_1)
FNF:2
FNH:2
FNDA:1,(anonymous_0)
FNDA:12,(anonymous_1)
DA:1,2
DA:2,2
DA:3,2
DA:9,1
DA:10,1
DA:11,1
DA:16,0
DA:21,12
DA:22,12
DA:23,12
DA:24,4
DA:26,8
DA:30,8
DA:31,0
DA:34,8
DA:36,8
DA:37,0
DA:39,8
DA:43,8
DA:49,4
DA:53,2
LF:21
LH:18
BRDA:23,0,0,4
BRDA:23,0,1,8
BRDA:23,1,0,12
BRDA:23,1,1,9
BRDA:30,2,0,0
BRDA:30,2,1,8
BRDA:36,3,0,0
BRDA:36,3,1,8
BRF:8
BRH:6
end_of_record
TN:
SF:helpers/bcrypt.js
FN:3,(anonymous_0)
FN:4,(anonymous_1)
FNF:2
FNH:2
FNDA:5,(anonymous_0)
FNDA:8,(anonymous_1)
DA:1,2
DA:2,2
DA:3,5
DA:4,8
LF:4
LH:4
BRF:0
BRH:0
end_of_record
TN:
SF:helpers/jwt.js
FN:4,(anonymous_0)
FN:9,(anonymous_1)
FNF:2
FNH:2
FNDA:8,(anonymous_0)
FNDA:9,(anonymous_1)
DA:1,2
DA:2,2
DA:4,2
DA:5,8
DA:6,8
DA:9,2
DA:10,9
DA:11,9
DA:13,2
LF:9
LH:9
BRF:0
BRH:0
end_of_record
TN:
SF:middleware/authentication.js
FN:3,(anonymous_0)
FNF:1
FNH:1
FNDA:11,(anonymous_0)
DA:1,2
DA:2,2
DA:3,2
DA:4,11
DA:5,11
DA:6,11
DA:8,10
DA:9,10
DA:10,1
DA:12,9
DA:14,9
DA:16,9
DA:17,0
DA:20,9
DA:24,9
DA:26,2
DA:30,2
LF:17
LH:16
BRDA:6,0,0,1
BRDA:6,0,1,10
BRDA:9,1,0,1
BRDA:9,1,1,9
BRDA:16,2,0,0
BRDA:16,2,1,9
BRF:6
BRH:5
end_of_record
TN:
SF:middleware/authorization.js
FN:3,(anonymous_0)
FNF:1
FNH:1
FNDA:2,(anonymous_0)
DA:1,2
DA:2,2
DA:3,2
DA:4,2
DA:5,2
DA:7,2
DA:8,0
DA:13,2
DA:14,1
DA:16,1
DA:21,1
DA:22,1
DA:26,2
LF:13
LH:12
BRDA:7,0,0,0
BRDA:7,0,1,2
BRDA:13,1,0,1
BRDA:13,1,1,1
BRF:4
BRH:3
end_of_record
TN:
SF:middleware/errorHandler.js
FN:1,errorHandler
FN:14,(anonymous_1)
FNF:2
FNH:1
FNDA:8,errorHandler
FNDA:0,(anonymous_1)
DA:2,8
DA:3,8
DA:5,8
DA:7,4
DA:8,4
DA:9,4
DA:13,0
DA:14,0
DA:15,0
DA:19,2
DA:20,2
DA:21,2
DA:24,0
DA:25,0
DA:26,0
DA:29,1
DA:30,1
DA:31,1
DA:34,1
DA:35,1
DA:36,1
DA:39,0
DA:40,0
DA:41,0
DA:44,0
DA:45,0
DA:46,0
DA:49,8
DA:54,2
LF:29
LH:17
BRDA:5,0,0,4
BRDA:5,0,1,0
BRDA:5,0,2,0
BRDA:5,0,3,0
BRDA:5,0,4,2
BRDA:5,0,5,0
BRDA:5,0,6,1
BRDA:5,0,7,1
BRDA:5,0,8,0
BRDA:5,0,9,0
BRF:10
BRH:4
end_of_record
TN:
SF:models/favourite.js
FN:3,(anonymous_0)
FN:5,(anonymous_1)
FN:71,(anonymous_2)
FNF:3
FNH:3
FNDA:2,(anonymous_0)
FNDA:2,(anonymous_1)
FNDA:4,(anonymous_2)
DA:2,2
DA:3,2
DA:6,2
DA:9,2
DA:14,2
DA:72,4
DA:73,4
DA:78,2
LF:8
LH:8
BRF:0
BRH:0
end_of_record
TN:
SF:models/hero.js
FN:3,(anonymous_0)
FN:5,(anonymous_1)
FNF:2
FNH:2
FNDA:2,(anonymous_0)
FNDA:2,(anonymous_1)
DA:2,2
DA:3,2
DA:6,2
DA:12,2
DA:56,2
LF:5
LH:5
BRF:0
BRH:0
end_of_record
TN:
SF:models/index.js
FN:21,(anonymous_0)
FN:29,(anonymous_1)
FN:34,(anonymous_2)
FNF:3
FNH:3
FNDA:8,(anonymous_0)
FNDA:6,(anonymous_1)
FNDA:6,(anonymous_2)
DA:3,2
DA:4,2
DA:5,2
DA:6,2
DA:7,2
DA:8,2
DA:9,2
DA:10,2
DA:13,2
DA:14,0
DA:16,2
DA:19,2
DA:22,8
DA:30,6
DA:31,6
DA:34,2
DA:35,6
DA:36,6
DA:40,2
DA:41,2
DA:43,2
LF:21
LH:20
BRDA:8,0,0,2
BRDA:8,0,1,0
BRDA:13,1,0,0
BRDA:13,1,1,2
BRDA:23,2,0,8
BRDA:23,2,1,8
BRDA:23,2,2,6
BRDA:23,2,3,6
BRDA:35,3,0,6
BRDA:35,3,1,0
BRF:10
BRH:7
end_of_record
TN:
SF:models/user.js
FN:4,(anonymous_0)
FN:6,(anonymous_1)
FN:49,(anonymous_2)
FN:61,(anonymous_3)
FNF:4
FNH:4
FNDA:2,(anonymous_0)
FNDA:2,(anonymous_1)
FNDA:1,(anonymous_2)
FNDA:1,(anonymous_3)
DA:2,2
DA:3,2
DA:4,2
DA:7,2
DA:13,2
DA:50,1
DA:51,0
DA:62,1
DA:67,2
LF:9
LH:8
BRDA:50,0,0,0
BRDA:50,0,1,1
BRF:2
BRH:1
end_of_record
TN:
SF:routes/index.js
FNF:0
FNH:0
DA:1,2
DA:2,2
DA:3,2
DA:4,2
DA:5,2
DA:6,2
DA:8,2
DA:9,2
DA:10,2
DA:11,2
DA:14,2
LF:11
LH:11
BRF:0
BRH:0
end_of_record
TN:
SF:routes/favourites/favourite.js
FNF:0
FNH:0
DA:1,2
DA:3,2
DA:4,2
DA:5,2
DA:6,2
DA:7,2
DA:9,2
DA:10,2
DA:11,2
DA:12,2
DA:14,2
LF:11
LH:11
BRF:0
BRH:0
end_of_record
TN:
SF:routes/heroes/hero.js
FNF:0
FNH:0
DA:1,2
DA:3,2
DA:4,2
DA:5,2
DA:7,2
DA:8,2
DA:10,2
LF:7
LH:7
BRF:0
BRH:0
end_of_record
TN:
SF:routes/users/user.js
FNF:0
FNH:0
DA:1,2
DA:2,2
DA:3,2
DA:4,2
DA:5,2
DA:6,2
LF:6
LH:6
BRF:0
BRH:0
end_of_record
